<?xml version="1.0" encoding="UTF-8"?>
<testsuite xmlns:xsi="http://www.w3.org/2001/XMLSchema-instance" xsi:noNamespaceSchemaLocation="https://maven.apache.org/surefire/maven-surefire-plugin/xsd/surefire-test-report.xsd" version="3.0.2" name="com.um.trabajo.tp5.TrabajoPractico5StefanoPalazzoApplicationTests" time="1.416" tests="1" errors="0" skipped="0" failures="0">
  <properties>
[...]
</properties>
  <testcase name="contextLoads" classname="com.um.trabajo.tp5.TrabajoPractico5StefanoPalazzoApplicationTests" time="0.216">
    <system-out><![CDATA[12:54:10.057 [main] INFO org.springframework.test.context.support.AnnotationConfigContextLoaderUtils -- Could not detect default configuration classes for test class [com.um.trabajo.tp5.TrabajoPractico5StefanoPalazzoApplicationTests]: TrabajoPractico5StefanoPalazzoApplicationTests does not declare any static, non-private, non-final, nested classes annotated with @Configuration.
12:54:10.091 [main] INFO org.springframework.boot.test.context.SpringBootTestContextBootstrapper -- Found @SpringBootConfiguration com.um.trabajo.tp5.TrabajoPractico5StefanoPalazzoApplication for test class com.um.trabajo.tp5.TrabajoPractico5StefanoPalazzoApplicationTests

  .   ____          _            __ _ _
 /\\ / ___'_ __ _ _(_)_ __  __ _ \ \ \ \
( ( )\___ | '_ | '_| | '_ \/ _` | \ \ \ \
 \\/  ___)| |_)| | | | | || (_| |  ) ) ) )
  '  |____| .__|_| |_|_| |_\__, | / / / /
 =========|_|==============|___/=/_/_/_/

 :: Spring Boot ::                (v3.5.6)

2025-09-27T12:54:10.224-03:00  INFO 22507 --- [trabajo-practico-5-Stefano-Palazzo] [           main] oPractico5StefanoPalazzoApplicationTests : Starting TrabajoPractico5StefanoPalazzoApplicationTests using Java 24.0.2 with PID 22507 (started by stefanopalazzo in /Users/stefanopalazzo/Desktop/Universidad/programacion_II/programacion-2-trabajo-practico-5-StefanoPalazzo)
2025-09-27T12:54:10.225-03:00  INFO 22507 --- [trabajo-practico-5-Stefano-Palazzo] [           main] oPractico5StefanoPalazzoApplicationTests : No active profile set, falling back to 1 default profile: "default"
2025-09-27T12:54:10.405-03:00  INFO 22507 --- [trabajo-practico-5-Stefano-Palazzo] [           main] .s.d.r.c.RepositoryConfigurationDelegate : Bootstrapping Spring Data JPA repositories in DEFAULT mode.
2025-09-27T12:54:10.412-03:00  INFO 22507 --- [trabajo-practico-5-Stefano-Palazzo] [           main] .s.d.r.c.RepositoryConfigurationDelegate : Finished Spring Data repository scanning in 4 ms. Found 0 JPA repository interfaces.
2025-09-27T12:54:10.528-03:00  INFO 22507 --- [trabajo-practico-5-Stefano-Palazzo] [           main] o.hibernate.jpa.internal.util.LogHelper  : HHH000204: Processing PersistenceUnitInfo [name: default]
2025-09-27T12:54:10.543-03:00  INFO 22507 --- [trabajo-practico-5-Stefano-Palazzo] [           main] org.hibernate.Version                    : HHH000412: Hibernate ORM core version 6.6.29.Final
2025-09-27T12:54:10.553-03:00  INFO 22507 --- [trabajo-practico-5-Stefano-Palazzo] [           main] o.h.c.internal.RegionFactoryInitiator    : HHH000026: Second-level cache disabled
2025-09-27T12:54:10.643-03:00  INFO 22507 --- [trabajo-practico-5-Stefano-Palazzo] [           main] o.s.o.j.p.SpringPersistenceUnitInfo      : No LoadTimeWeaver setup: ignoring JPA class transformer
2025-09-27T12:54:10.652-03:00  INFO 22507 --- [trabajo-practico-5-Stefano-Palazzo] [           main] com.zaxxer.hikari.HikariDataSource       : HikariPool-1 - Starting...
2025-09-27T12:54:10.710-03:00  INFO 22507 --- [trabajo-practico-5-Stefano-Palazzo] [           main] com.zaxxer.hikari.pool.HikariPool        : HikariPool-1 - Added connection conn0: url=jdbc:h2:mem:tp5db user=SA
2025-09-27T12:54:10.710-03:00  INFO 22507 --- [trabajo-practico-5-Stefano-Palazzo] [           main] com.zaxxer.hikari.HikariDataSource       : HikariPool-1 - Start completed.
2025-09-27T12:54:10.727-03:00  INFO 22507 --- [trabajo-practico-5-Stefano-Palazzo] [           main] org.hibernate.orm.connections.pooling    : HHH10001005: Database info:
	Database JDBC URL [Connecting through datasource 'HikariDataSource (HikariPool-1)']
	Database driver: undefined/unknown
	Database version: 2.3.232
	Autocommit mode: undefined/unknown
	Isolation level: undefined/unknown
	Minimum pool size: undefined/unknown
	Maximum pool size: undefined/unknown
2025-09-27T12:54:10.995-03:00  INFO 22507 --- [trabajo-practico-5-Stefano-Palazzo] [           main] o.h.e.t.j.p.i.JtaPlatformInitiator       : HHH000489: No JTA platform available (set 'hibernate.transaction.jta.platform' to enable JTA platform integration)
Hibernate: create table departamentos (id bigint generated by default as identity, descripcion varchar(500), nombre varchar(100) not null, primary key (id))
Hibernate: create table empleado_proyecto (empleado_id bigint not null, proyecto_id bigint not null, primary key (empleado_id, proyecto_id))
Hibernate: create table empleados (id bigint generated by default as identity, apellido varchar(100) not null, email varchar(255) not null, fecha_contratacion date not null, nombre varchar(100) not null, salario numeric(10,2) not null, departamento_id bigint not null, primary key (id))
Hibernate: create table proyectos (id bigint generated by default as identity, descripcion varchar(1000), fecha_fin date, fecha_inicio date, nombre varchar(100) not null, primary key (id))
Hibernate: alter table if exists departamentos drop constraint if exists UK9vfgma390a16fkev3ryhnyrvh
Hibernate: alter table if exists departamentos add constraint UK9vfgma390a16fkev3ryhnyrvh unique (nombre)
Hibernate: alter table if exists empleados drop constraint if exists uk_empleado_email
Hibernate: alter table if exists empleados add constraint uk_empleado_email unique (email)
Hibernate: alter table if exists empleado_proyecto add constraint FKdjyaatr3q6yytbw76qnbtkiow foreign key (proyecto_id) references proyectos
Hibernate: alter table if exists empleado_proyecto add constraint FKecnfcqq5fkwqac9mgcmd79pl6 foreign key (empleado_id) references empleados
Hibernate: alter table if exists empleados add constraint fk_empleado_departamento foreign key (departamento_id) references departamentos
2025-09-27T12:54:11.028-03:00  INFO 22507 --- [trabajo-practico-5-Stefano-Palazzo] [           main] j.LocalContainerEntityManagerFactoryBean : Initialized JPA EntityManagerFactory for persistence unit 'default'
2025-09-27T12:54:11.075-03:00  WARN 22507 --- [trabajo-practico-5-Stefano-Palazzo] [           main] JpaBaseConfiguration$JpaWebConfiguration : spring.jpa.open-in-view is enabled by default. Therefore, database queries may be performed during view rendering. Explicitly configure spring.jpa.open-in-view to disable this warning
2025-09-27T12:54:11.189-03:00  INFO 22507 --- [trabajo-practico-5-Stefano-Palazzo] [           main] o.s.b.a.h2.H2ConsoleAutoConfiguration    : H2 console available at '/h2-console'. Database available at 'jdbc:h2:mem:tp5db'
2025-09-27T12:54:11.210-03:00  INFO 22507 --- [trabajo-practico-5-Stefano-Palazzo] [           main] oPractico5StefanoPalazzoApplicationTests : Started TrabajoPractico5StefanoPalazzoApplicationTests in 1.078 seconds (process running for 1.359)
]]></system-out>
    <system-err><![CDATA[Mockito is currently self-attaching to enable the inline-mock-maker. This will no longer work in future releases of the JDK. Please add Mockito as an agent to your build as described in Mockito's documentation: https://javadoc.io/doc/org.mockito/mockito-core/latest/org.mockito/org/mockito/Mockito.html#0.3
WARNING: A Java agent has been loaded dynamically (/Users/stefanopalazzo/.m2/repository/net/bytebuddy/byte-buddy-agent/1.17.7/byte-buddy-agent-1.17.7.jar)
WARNING: If a serviceability tool is in use, please run with -XX:+EnableDynamicAgentLoading to hide this warning
WARNING: If a serviceability tool is not in use, please run with -Djdk.instrument.traceUsage for more information
WARNING: Dynamic loading of agents will be disallowed by default in a future release
]]></system-err>
  </testcase>
</testsuite>